mode: set
coinchenetcore/internal/coinche/cartes.go:30.36,31.20 1 1
coinchenetcore/internal/coinche/cartes.go:31.20,32.19 1 0
coinchenetcore/internal/coinche/cartes.go:33.14,34.13 1 0
coinchenetcore/internal/coinche/cartes.go:35.13,36.12 1 0
coinchenetcore/internal/coinche/cartes.go:37.11,38.12 1 0
coinchenetcore/internal/coinche/cartes.go:39.12,40.12 1 0
coinchenetcore/internal/coinche/cartes.go:41.12,42.12 1 0
coinchenetcore/internal/coinche/cartes.go:43.13,44.12 1 0
coinchenetcore/internal/coinche/cartes.go:45.19,46.12 1 0
coinchenetcore/internal/coinche/cartes.go:47.11,48.12 1 0
coinchenetcore/internal/coinche/cartes.go:52.2,52.20 1 1
coinchenetcore/internal/coinche/cartes.go:52.20,53.19 1 1
coinchenetcore/internal/coinche/cartes.go:54.11,55.13 1 1
coinchenetcore/internal/coinche/cartes.go:56.12,57.13 1 1
coinchenetcore/internal/coinche/cartes.go:58.12,59.12 1 1
coinchenetcore/internal/coinche/cartes.go:60.13,61.12 1 1
coinchenetcore/internal/coinche/cartes.go:62.14,63.12 1 1
coinchenetcore/internal/coinche/cartes.go:64.25,65.12 1 1
coinchenetcore/internal/coinche/cartes.go:66.11,67.12 1 0
coinchenetcore/internal/coinche/cartes.go:71.2,71.27 1 1
coinchenetcore/internal/coinche/cartes.go:71.27,72.19 1 1
coinchenetcore/internal/coinche/cartes.go:73.14,74.13 1 1
coinchenetcore/internal/coinche/cartes.go:75.13,76.13 1 1
coinchenetcore/internal/coinche/cartes.go:77.11,78.13 1 1
coinchenetcore/internal/coinche/cartes.go:79.12,80.13 1 1
coinchenetcore/internal/coinche/cartes.go:81.12,82.12 1 1
coinchenetcore/internal/coinche/cartes.go:83.13,84.12 1 1
coinchenetcore/internal/coinche/cartes.go:85.19,86.12 1 1
coinchenetcore/internal/coinche/cartes.go:87.11,88.12 1 0
coinchenetcore/internal/coinche/cartes.go:92.2,92.18 1 1
coinchenetcore/internal/coinche/cartes.go:93.10,94.12 1 1
coinchenetcore/internal/coinche/cartes.go:95.11,96.12 1 1
coinchenetcore/internal/coinche/cartes.go:97.11,98.11 1 1
coinchenetcore/internal/coinche/cartes.go:99.12,100.11 1 1
coinchenetcore/internal/coinche/cartes.go:101.13,102.11 1 1
coinchenetcore/internal/coinche/cartes.go:103.24,104.11 1 1
coinchenetcore/internal/coinche/cartes.go:105.10,106.11 1 0
coinchenetcore/internal/coinche/cartes.go:121.78,122.42 1 1
coinchenetcore/internal/coinche/cartes.go:122.42,125.3 2 1
coinchenetcore/internal/coinche/cartes.go:126.2,126.11 1 1
coinchenetcore/internal/coinche/cartes.go:135.71,144.2 5 1
coinchenetcore/internal/coinche/cartes.go:146.75,152.24 4 1
coinchenetcore/internal/coinche/cartes.go:152.24,153.35 1 1
coinchenetcore/internal/coinche/cartes.go:153.35,155.4 1 1
coinchenetcore/internal/coinche/cartes.go:155.9,157.4 1 1
coinchenetcore/internal/coinche/cartes.go:159.3,159.36 1 1
coinchenetcore/internal/coinche/cartes.go:159.36,161.4 1 1
coinchenetcore/internal/coinche/cartes.go:161.9,163.4 1 0
coinchenetcore/internal/coinche/cartes.go:165.3,165.17 1 1
coinchenetcore/internal/coinche/cartes.go:168.2,168.24 1 1
coinchenetcore/internal/coinche/cartes.go:168.24,169.35 1 1
coinchenetcore/internal/coinche/cartes.go:169.35,171.4 1 1
coinchenetcore/internal/coinche/cartes.go:171.9,173.4 1 1
coinchenetcore/internal/coinche/cartes.go:175.3,175.36 1 1
coinchenetcore/internal/coinche/cartes.go:175.36,177.4 1 1
coinchenetcore/internal/coinche/cartes.go:177.9,179.4 1 1
coinchenetcore/internal/coinche/cartes.go:181.3,181.17 1 1
coinchenetcore/internal/coinche/cartes.go:184.2,184.31 1 1
coinchenetcore/internal/coinche/cartes.go:184.31,186.3 1 1
coinchenetcore/internal/coinche/cartes.go:186.8,186.41 1 1
coinchenetcore/internal/coinche/cartes.go:186.41,188.3 1 1
coinchenetcore/internal/coinche/cartes.go:188.8,190.3 1 1
coinchenetcore/internal/coinche/cartes.go:192.2,192.32 1 1
coinchenetcore/internal/coinche/cartes.go:192.32,194.3 1 1
coinchenetcore/internal/coinche/cartes.go:194.8,194.42 1 1
coinchenetcore/internal/coinche/cartes.go:194.42,196.3 1 1
coinchenetcore/internal/coinche/cartes.go:196.8,198.3 1 1
coinchenetcore/internal/coinche/cartes.go:200.2,200.16 1 1
coinchenetcore/internal/coinche/cartes.go:207.40,209.34 2 1
coinchenetcore/internal/coinche/cartes.go:209.34,210.31 1 1
coinchenetcore/internal/coinche/cartes.go:210.31,212.4 1 1
coinchenetcore/internal/coinche/cartes.go:214.2,214.40 1 1
coinchenetcore/internal/coinche/cartes.go:217.60,218.30 1 1
coinchenetcore/internal/coinche/cartes.go:218.30,219.17 1 1
coinchenetcore/internal/coinche/cartes.go:219.17,222.4 2 1
coinchenetcore/internal/coinche/cartes.go:224.2,224.60 1 0
coinchenetcore/internal/coinche/cartes.go:227.49,230.22 2 1
coinchenetcore/internal/coinche/cartes.go:230.22,232.3 1 1
coinchenetcore/internal/coinche/cartes.go:234.2,236.21 3 1
coinchenetcore/internal/coinche/fake_coupeur.go:5.60,7.2 1 1
coinchenetcore/internal/coinche/fake_melangeur.go:7.69,9.2 1 0
coinchenetcore/internal/coinche/jeu.go:65.32,68.27 2 1
coinchenetcore/internal/coinche/jeu.go:68.27,70.3 1 1
coinchenetcore/internal/coinche/jeu.go:72.2,72.16 1 1
coinchenetcore/internal/coinche/jeu.go:75.52,76.48 1 1
coinchenetcore/internal/coinche/jeu.go:76.48,78.3 1 0
coinchenetcore/internal/coinche/jeu.go:80.2,83.12 3 1
coinchenetcore/internal/coinche/jeu.go:86.72,107.2 3 0
coinchenetcore/internal/coinche/jeu.go:109.42,115.31 4 1
coinchenetcore/internal/coinche/jeu.go:115.31,116.39 1 1
coinchenetcore/internal/coinche/jeu.go:116.39,117.29 1 1
coinchenetcore/internal/coinche/jeu.go:117.29,119.5 1 1
coinchenetcore/internal/coinche/jeu.go:123.2,123.10 1 1
coinchenetcore/internal/coinche/jeu.go:126.46,127.44 1 1
coinchenetcore/internal/coinche/jeu.go:127.44,129.3 1 1
coinchenetcore/internal/coinche/jeu.go:130.2,130.44 1 1
coinchenetcore/internal/coinche/jeu.go:130.44,132.3 1 1
coinchenetcore/internal/coinche/jeu.go:133.2,133.12 1 0
coinchenetcore/internal/coinche/jeu.go:136.38,138.2 1 1
coinchenetcore/internal/coinche/jeu.go:140.34,158.2 14 1
coinchenetcore/internal/coinche/jeu.go:160.63,164.16 2 1
coinchenetcore/internal/coinche/jeu.go:164.16,166.3 1 0
coinchenetcore/internal/coinche/jeu.go:168.2,170.19 2 1
coinchenetcore/internal/coinche/jeu.go:170.19,172.3 1 0
coinchenetcore/internal/coinche/jeu.go:174.2,176.35 2 1
coinchenetcore/internal/coinche/jeu.go:176.35,179.20 2 1
coinchenetcore/internal/coinche/jeu.go:179.20,181.4 1 1
coinchenetcore/internal/coinche/jeu.go:182.3,185.4 2 1
coinchenetcore/internal/coinche/jeu.go:188.2,188.12 1 1
coinchenetcore/internal/coinche/pli.go:8.45,10.29 1 0
coinchenetcore/internal/coinche/pli.go:10.29,12.3 1 0
coinchenetcore/internal/coinche/pli.go:14.2,14.8 1 0
coinchenetcore/internal/coinche/pli.go:17.44,18.28 1 1
coinchenetcore/internal/coinche/pli.go:18.28,20.3 1 1
coinchenetcore/internal/coinche/pli.go:22.2,22.38 1 1
coinchenetcore/internal/coinche/pli.go:22.38,24.3 1 0
coinchenetcore/internal/coinche/pli.go:26.2,26.21 1 1
coinchenetcore/internal/coinche/pli.go:26.21,28.3 1 1
coinchenetcore/internal/coinche/pli.go:30.2,30.17 1 1
coinchenetcore/internal/coinche/pli.go:33.44,34.24 1 1
coinchenetcore/internal/coinche/pli.go:34.24,36.3 1 1
coinchenetcore/internal/coinche/pli.go:38.2,42.29 3 1
coinchenetcore/internal/coinche/pli.go:42.29,43.47 1 1
coinchenetcore/internal/coinche/pli.go:43.47,46.4 2 1
coinchenetcore/internal/coinche/pli.go:49.2,49.10 1 1
coinchenetcore/internal/coinche/pli.go:52.33,53.24 1 1
coinchenetcore/internal/coinche/pli.go:53.24,55.3 1 0
coinchenetcore/internal/coinche/pli.go:57.2,58.29 2 1
coinchenetcore/internal/coinche/pli.go:58.29,60.3 1 1
coinchenetcore/internal/coinche/pli.go:62.2,62.10 1 1
